[2020-03-10 10:54:20 195] [[FUN::GetContractNoByAccount The remote server returned an error: (407) Token Expired. [EXCEPTION]]]
[2020-03-10 10:56:11 721] [[FUN::GetContractNoByAccount The remote server returned an error: (407) Token Expired. [EXCEPTION]]]
[2020-03-10 10:58:40 704] [[FUN::GetContractNoByAccount The remote server returned an error: (407) Token Expired. [EXCEPTION]]]
[2020-03-10 11:03:53 114] [[FUN::GetContractNoByAccount The remote server returned an error: (407) Token Expired. [EXCEPTION]]]
[2020-03-10 11:32:20 966] [[FUN::GetContractNoByAccount The remote server returned an error: (407) Token Expired. [EXCEPTION]]]
[2020-03-10 11:35:59 876] [[FUN::GetContractNoByAccount The remote server returned an error: (407) Token Expired. [EXCEPTION]]]
[2020-03-10 11:36:23 618] [[FUN::GetContractNoByAccount The remote server returned an error: (407) Token Expired. [EXCEPTION]]]
[2020-03-10 11:39:55 360] [[FUN::GetContractNoByAccount The remote server returned an error: (407) Token Expired. [EXCEPTION]]]
[2020-03-10 11:39:55 637] [[FUN::GetContractNoByAccount The remote server returned an error: (407) Token Expired. [EXCEPTION]]]
[2020-03-10 11:40:09 358] [[FUN::GetContractNoByAccount The remote server returned an error: (407) Token Expired. [EXCEPTION]]]
[2020-03-10 11:40:11 742] [[FUN::GetContractNoByAccount The remote server returned an error: (407) Token Expired. [EXCEPTION]]]
[2020-03-10 15:18:34 760] [[FUN::RefreshToken The remote server returned an error: (401) Missing credential. [EXCEPTION]]]
[2020-03-10 15:25:40 735] [[FUN::GetContractNoByAccount The remote server returned an error: (401) Missing credential. [EXCEPTION]]]
[2020-03-10 15:32:39 834] [[FUN::RefreshToken The remote server returned an error: (401) Missing credential. [EXCEPTION]]]
[2020-03-10 15:45:32 702] [[FUN::RefreshToken The remote server returned an error: (401) Missing credential. [EXCEPTION]]]
[2020-03-10 15:49:47 850] [[FUN::RefreshToken The remote server returned an error: (401) Missing credential. [EXCEPTION]]]
[2020-03-10 15:51:26 250] [[FUNC]:[[ERROR] [Exception Caught!] [GetGoodListX][https://cwrg.cic.hk/api/integration/contract/20160309/deltaTimestamp/20200310154934316/goodlists]] [DATA]:["Response status code does not indicate success: 400 (Contract 20160309 is not accessible to contractor)."]]
[2020-03-10 15:58:51 518] [[FUNC]:[[ERROR] [Exception Caught!] [GetGoodListX][https://cwrg.cic.hk/api/integration/contract/20160309/deltaTimestamp/20200310155640434/goodlists]] [DATA]:["Response status code does not indicate success: 400 (Contract 20160309 is not accessible to contractor)."]]
[2020-03-10 17:15:28 441] [[FUNC]:[[ERROR] [Exception Caught!] [GetGoodList][https://cwrg.cic.hkhttps://cwrg.hkcic.org/api/ integration /contract/20160309/deltaTimestamp/20200310171526608/goodlists]] [DATA]:["One or more errors occurred. (不知道这样的主机。)"]]
[2020-03-10 17:17:27 532] [[FUNC]:[[ERROR] [Exception Caught!] [GetGoodList][https://cwrg.cic.hkhttps://cwrg.hkcic.org/api/integration/contract/20160309/deltaTimestamp/20200310171726146/goodlists]] [DATA]:["One or more errors occurred. (不知道这样的主机。)"]]
[2020-03-10 17:18:04 471] [[FUNC]:[[ERROR] [Exception Caught!] [GetGoodList][https://cwrg.cic.hk/api/integration/contract/20160309/deltaTimestamp/20200310171803234/goodlists]] [DATA]:["Response status code does not indicate success: 400 (Contract 20160309 is not accessible to contractor)."]]
[2020-03-10 17:25:17 293] [[FUNC]:[[ERROR] [Exception Caught!] [GetGoodList][https://cwrg.cic.hk/api/integration/contract/20160309/deltaTimestamp/20200310172516059/goodlists]] [DATA]:["The remote server returned an error: (400) Contract 20160309 is not accessible to contractor."]]
[2020-03-10 17:34:33 403] [[FUNC]:[[ERROR] [Exception Caught!] [GetGoodList][https://cwrg.cic.hk/api/integration/contract/170610029/deltaTimestamp/20250310173432141/goodlists]] [DATA]:["Response status code does not indicate success: 400 (Contract 170610029 is not accessible to contractor)."]]
